RemotePlatform/core/build/intermediates/manifest_merge_blame_file/debug/manifest-merger-blame-debug-report.txt
1<?xml version="1.0" encoding="utf-8"?>
2<manifest xmlns:android="http://schemas.android.com/apk/res/android"
3    xmlns:tools="http://schemas.android.com/tools"
4    package="com.coocaa.remoteplatform.core"
5    android:versionCode="1"
6    android:versionName="1.0" >
7
8    <uses-sdk
8-->src\main\AndroidManifest.xml:11:5-79
9        android:minSdkVersion="16"
9-->src\main\AndroidManifest.xml:11:5-79
10        android:targetSdkVersion="30"
10-->src\main\AndroidManifest.xml:11:5-79
11        tools:overrideLibrary="com.coocaa.pushlib,com.coocaa.toolkit" />
11-->src\main\AndroidManifest.xml:11:15-76
12
13    <uses-permission android:name="android.permission.FOREGROUND_SERVICE" />
13-->src\main\AndroidManifest.xml:6:5-77
13-->src\main\AndroidManifest.xml:6:22-74
14    <uses-permission android:name="android.permission.INTERNET" />
14-->src\main\AndroidManifest.xml:7:5-67
14-->src\main\AndroidManifest.xml:7:22-64
15    <uses-permission android:name="android.permission.WRITE_SETTINGS" />
15-->src\main\AndroidManifest.xml:8:5-73
15-->src\main\AndroidManifest.xml:8:22-70
16    <uses-permission android:name="android.permission.RECEIVE_BOOT_COMPLETED" />
16-->src\main\AndroidManifest.xml:9:5-81
16-->src\main\AndroidManifest.xml:9:22-78
17
18    <application android:usesCleartextTraffic="true" >
18-->src\main\AndroidManifest.xml:12:5-49:19
18-->src\main\AndroidManifest.xml:12:18-53
19        <service
19-->src\main\AndroidManifest.xml:13:9-26:19
20            android:name="com.coocaa.remoteplatform.core.connection.push.PushReceiveService"
20-->src\main\AndroidManifest.xml:14:13-63
21            android:exported="true" >
21-->src\main\AndroidManifest.xml:15:13-36
22            <meta-data
22-->src\main\AndroidManifest.xml:16:13-18:44
23                android:name="CC_PUSH_APP_ID"
23-->src\main\AndroidManifest.xml:17:17-46
24                android:value="vq5jOXoD" />
24-->src\main\AndroidManifest.xml:18:17-41
25            <meta-data
25-->src\main\AndroidManifest.xml:19:13-21:44
26                android:name="CC_PUSH_APP_TOKEN"
26-->src\main\AndroidManifest.xml:20:17-49
27                android:value="2EsmBbDO" />
27-->src\main\AndroidManifest.xml:21:17-41
28
29            <intent-filter>
29-->src\main\AndroidManifest.xml:23:13-25:29
30                <action android:name="com.coocaa.push.PUSH" />
30-->src\main\AndroidManifest.xml:24:17-63
30-->src\main\AndroidManifest.xml:24:25-60
31            </intent-filter>
32        </service>
33        <service
33-->src\main\AndroidManifest.xml:28:9-35:19
34            android:name="com.coocaa.remoteplatform.core.service.RemotePlatformService"
34-->src\main\AndroidManifest.xml:29:13-58
35            android:exported="true"
35-->src\main\AndroidManifest.xml:30:13-36
36            android:priority="1000" >
36-->src\main\AndroidManifest.xml:31:13-36
37            <intent-filter>
37-->src\main\AndroidManifest.xml:32:13-34:29
38                <action android:name="coocaa.intent.action.remote.platform.service" />
38-->src\main\AndroidManifest.xml:33:17-87
38-->src\main\AndroidManifest.xml:33:25-84
39            </intent-filter>
40        </service>
41        <service
41-->src\main\AndroidManifest.xml:36:9-42:19
42            android:name="com.coocaa.remoteplatform.core.reply.ReplyService"
42-->src\main\AndroidManifest.xml:37:13-47
43            android:exported="true" >
43-->src\main\AndroidManifest.xml:38:13-36
44            <intent-filter>
44-->src\main\AndroidManifest.xml:39:13-41:29
45                <action android:name="coocaa.intent.action.remote.platform.reply" />
45-->src\main\AndroidManifest.xml:40:17-85
45-->src\main\AndroidManifest.xml:40:25-82
46            </intent-filter>
47        </service>
48
49        <receiver android:name="com.coocaa.remoteplatform.core.service.BootReceiver" >
49-->src\main\AndroidManifest.xml:44:9-48:20
49-->src\main\AndroidManifest.xml:44:19-55
50            <intent-filter>
50-->src\main\AndroidManifest.xml:45:13-47:29
51                <action android:name="android.intent.action.BOOT_COMPLETED" />
51-->src\main\AndroidManifest.xml:46:17-79
51-->src\main\AndroidManifest.xml:46:25-76
52            </intent-filter>
53        </receiver>
54    </application>
55
56</manifest>